Build started 16.05.2015 2:55:38.
     1>Project "C:\Users\goshu_000\Documents\Visual Studio 2013\Projects\boost_serialization\boost_serialization\boost_serialization.vcxproj" on node 2 (Build target(s)).
     1>ClCompile:
         C:\Program Files (x86)\Microsoft Visual Studio 12.0\VC\bin\CL.exe /c /IC:\boost\include /ZI /nologo /W3 /WX- /sdl /Od /Oy- /D _CRT_SECURE_NO_WARNINGS /D _UNICODE /D UNICODE /Gm /EHsc /RTC1 /MTd /GS /fp:precise /Zc:wchar_t /Zc:forScope /Fo"Debug\\" /Fd"Debug\vc120.pdb" /Gd /TP /analyze- /errorReport:prompt source1.cpp
         source1.cpp
     1>c:\users\goshu_000\documents\visual studio 2013\projects\boost_serialization\boost_serialization\source1.cpp(143): warning C4018: '<' : signed/unsigned mismatch
     1>c:\users\goshu_000\documents\visual studio 2013\projects\boost_serialization\boost_serialization\source1.cpp(146): warning C4018: '<' : signed/unsigned mismatch
       Link:
         C:\Program Files (x86)\Microsoft Visual Studio 12.0\VC\bin\link.exe /ERRORREPORT:PROMPT /OUT:"C:\Users\goshu_000\Documents\Visual Studio 2013\Projects\boost_serialization\Debug\boost_serialization.exe" /INCREMENTAL /NOLOGO /LIBPATH:C:\boost\lib kernel32.lib user32.lib gdi32.lib winspool.lib comdlg32.lib advapi32.lib shell32.lib ole32.lib oleaut32.lib uuid.lib odbc32.lib odbccp32.lib /MANIFEST /MANIFESTUAC:"level='asInvoker' uiAccess='false'" /manifest:embed /DEBUG /PDB:"C:\Users\goshu_000\Documents\Visual Studio 2013\Projects\boost_serialization\Debug\boost_serialization.pdb" /SUBSYSTEM:CONSOLE /TLBID:1 /DYNAMICBASE /NXCOMPAT /IMPLIB:"C:\Users\goshu_000\Documents\Visual Studio 2013\Projects\boost_serialization\Debug\boost_serialization.lib" /MACHINE:X86 Debug\sha256.obj
         Debug\source1.obj
     1>C:\Program Files (x86)\MSBuild\Microsoft.Cpp\v4.0\V120\Microsoft.CppCommon.targets(607,5): error MSB6006: "link.exe" exited with code 1.
     1>Done Building Project "C:\Users\goshu_000\Documents\Visual Studio 2013\Projects\boost_serialization\boost_serialization\boost_serialization.vcxproj" (Build target(s)) -- FAILED.

Build FAILED.

Time Elapsed 00:00:06.74
